<?xml version="1.0" encoding="UTF-8"?>
<testng-results ignored="0" total="1" passed="1" failed="0" skipped="0">
  <reporter-output>
  </reporter-output>
  <suite started-at="2025-02-18T13:03:30 IST" name="Default suite" finished-at="2025-02-18T13:03:54 IST" duration-ms="24271">
    <groups>
    </groups>
    <test started-at="2025-02-18T13:03:30 IST" name="Default test" finished-at="2025-02-18T13:03:54 IST" duration-ms="24271">
      <class name="testCases.TC_004_ContactUs">
        <test-method is-config="true" signature="setup()[pri:0, instance:testCases.TC_004_ContactUs@338494fa]" started-at="2025-02-18T13:03:30 IST" name="setup" finished-at="2025-02-18T13:03:39 IST" duration-ms="9611" status="PASS">
          <reporter-output>
          </reporter-output>
        </test-method> <!-- setup -->
        <test-method signature="verify_contactus(java.lang.String,java.lang.String,java.lang.String)[pri:0, instance:testCases.TC_004_ContactUs@338494fa]" started-at="2025-02-18T13:03:41 IST" name="verify_contactus" data-provider="ContactData" finished-at="2025-02-18T13:03:54 IST" duration-ms="13172" status="PASS">
          <params>
            <param index="0">
              <value>
                <![CDATA[abc]]>
              </value>
            </param>
            <param index="1">
              <value>
                <![CDATA[xyz@gmail.com]]>
              </value>
            </param>
            <param index="2">
              <value>
                <![CDATA[qewtaRF]]>
              </value>
            </param>
          </params>
          <reporter-output>
          </reporter-output>
        </test-method> <!-- verify_contactus -->
        <test-method is-config="true" signature="tearDown()[pri:0, instance:testCases.TC_004_ContactUs@338494fa]" started-at="2025-02-18T13:03:54 IST" name="tearDown" finished-at="2025-02-18T13:03:54 IST" duration-ms="270" status="PASS">
          <reporter-output>
          </reporter-output>
        </test-method> <!-- tearDown -->
      </class> <!-- testCases.TC_004_ContactUs -->
    </test> <!-- Default test -->
  </suite> <!-- Default suite -->
</testng-results>
